<?xml version="1.0" encoding="UTF-8"?>
<coverage generated="1742565337057" clover="3.2.0">
  <project timestamp="1742565337058" name="All files">
    <metrics statements="16" coveredstatements="16" conditionals="1" coveredconditionals="1" methods="5" coveredmethods="5" elements="22" coveredelements="22" complexity="0" loc="16" ncloc="16" packages="1" files="2" classes="2"/>
    <file name="average.ts" path="C:\Users\jamie\OneDrive - sluz\Schule\Informatik 2 Jahr\M426\unittest-typescript\src\average.ts">
      <metrics statements="6" coveredstatements="6" conditionals="0" coveredconditionals="0" methods="1" coveredmethods="1"/>
      <line num="1" count="1" type="stmt"/>
      <line num="2" count="1" type="stmt"/>
      <line num="3" count="1" type="stmt"/>
      <line num="4" count="2" type="stmt"/>
      <line num="6" count="1" type="stmt"/>
      <line num="7" count="1" type="stmt"/>
    </file>
    <file name="calculator.ts" path="C:\Users\jamie\OneDrive - sluz\Schule\Informatik 2 Jahr\M426\unittest-typescript\src\calculator.ts">
      <metrics statements="10" coveredstatements="10" conditionals="1" coveredconditionals="1" methods="4" coveredmethods="4"/>
      <line num="1" count="1" type="stmt"/>
      <line num="2" count="1" type="stmt"/>
      <line num="5" count="1" type="stmt"/>
      <line num="6" count="1" type="stmt"/>
      <line num="9" count="1" type="stmt"/>
      <line num="10" count="1" type="stmt"/>
      <line num="13" count="1" type="stmt"/>
      <line num="14" count="2" type="cond" truecount="1" falsecount="0"/>
      <line num="15" count="1" type="stmt"/>
      <line num="17" count="1" type="stmt"/>
    </file>
  </project>
</coverage>
