TN:
SF:src\average.ts
FN:1,mean
FN:12,median
FN:17,(anonymous_2)
FNF:3
FNH:3
FNDA:3,mean
FNDA:3,median
FNDA:9,(anonymous_2)
DA:1,1
DA:2,3
DA:3,1
DA:5,2
DA:6,2
DA:7,7
DA:9,2
DA:10,2
DA:12,1
DA:13,3
DA:14,1
DA:17,9
DA:18,2
DA:20,2
DA:21,1
DA:23,1
LF:16
LH:16
BRDA:2,0,0,1
BRDA:13,1,0,1
BRDA:20,2,0,1
BRDA:20,2,1,1
BRF:4
BRH:4
end_of_record
TN:
SF:src\calculator.ts
FN:1,add
FN:5,subtract
FN:9,multiply
FN:13,divide
FNF:4
FNH:4
FNDA:1,add
FNDA:1,subtract
FNDA:1,multiply
FNDA:2,divide
DA:1,1
DA:2,1
DA:5,1
DA:6,1
DA:9,1
DA:10,1
DA:13,1
DA:14,2
DA:15,1
DA:17,1
LF:10
LH:10
BRDA:14,0,0,1
BRDA:14,0,1,1
BRF:2
BRH:2
end_of_record
